[00:29:43] [ServerMain/INFO]: [bootstrap] Running Java 21 (OpenJDK 64-Bit Server VM 21.0.6+7-LTS; Microsoft Microsoft-10800198) on Linux 6.8.0-1027-azure (amd64)
[00:29:43] [ServerMain/INFO]: [bootstrap] Loading Paper 1.21.5-113-main@ba7fb23 (2025-06-10T23:34:22Z) for Minecraft 1.21.5
[00:29:44] [ServerMain/INFO]: [PluginInitializerManager] Initializing plugins...
[00:29:44] [ServerMain/INFO]: [PluginInitializerManager] Initialized 0 plugins
[00:29:52] [ServerMain/INFO]: Environment: Environment[sessionHost=https://sessionserver.mojang.com, servicesHost=https://api.minecraftservices.com, name=PROD]
[00:29:52] [ServerMain/INFO]: Found new data pack file/bukkit, loading it automatically
[00:29:52] [ServerMain/INFO]: Found new data pack paper, loading it automatically
[00:29:54] [ServerMain/INFO]: No existing world data, creating new world
[00:29:55] [ServerMain/INFO]: Loaded 1373 recipes
[00:29:55] [ServerMain/INFO]: Loaded 1484 advancements
[00:29:55] [Server thread/INFO]: Starting minecraft server version 1.21.5
[00:29:55] [Server thread/INFO]: Loading properties
[00:29:55] [Server thread/INFO]: This server is running Paper version 1.21.5-113-main@ba7fb23 (2025-06-10T23:34:22Z) (Implementing API version 1.21.5-R0.1-SNAPSHOT)
[00:29:56] [Server thread/INFO]: [spark] This server bundles the spark profiler. For more information please visit https://docs.papermc.io/paper/profiling
[00:29:56] [Server thread/INFO]: Using 4 threads for Netty based IO
[00:29:56] [Server thread/INFO]: Server Ping Player Sample Count: 12
[00:29:57] [Server thread/INFO]: [MoonriseCommon] Paper is using 1 worker threads, 1 I/O threads
[00:29:57] [Server thread/INFO]: [ChunkTaskScheduler] Chunk system is using population gen parallelism: true
[00:29:58] [Server thread/INFO]: Default game type: SURVIVAL
[00:29:58] [Server thread/INFO]: Generating keypair
[00:29:58] [Server thread/INFO]: Starting Minecraft server on *:25565
[00:29:58] [Server thread/INFO]: Using epoll channel type
[00:29:58] [Server thread/INFO]: Paper: Using libdeflate (Linux x86_64) compression from Velocity.
[00:29:58] [Server thread/INFO]: Paper: Using OpenSSL 1.1.x (Linux x86_64) cipher from Velocity.
[00:29:58] [Server thread/INFO]: Preparing level "world"
[00:30:12] [Server thread/INFO]: Preparing start region for dimension minecraft:overworld
[00:30:12] [Server thread/INFO]: Preparing spawn area: 2%
[00:30:14] [Server thread/INFO]: Preparing spawn area: 2%
[00:30:14] [Server thread/INFO]: Preparing spawn area: 2%
[00:30:14] [Server thread/INFO]: Preparing spawn area: 2%
[00:30:14] [Server thread/INFO]: Preparing spawn area: 2%
[00:30:15] [Server thread/INFO]: Preparing spawn area: 2%
[00:30:15] [Server thread/INFO]: Preparing spawn area: 2%
[00:30:16] [Server thread/INFO]: Preparing spawn area: 2%
[00:30:16] [Server thread/INFO]: Preparing spawn area: 6%
[00:30:17] [Server thread/INFO]: Preparing spawn area: 6%
[00:30:17] [Server thread/INFO]: Preparing spawn area: 6%
[00:30:18] [Server thread/INFO]: Preparing spawn area: 18%
[00:30:18] [Server thread/INFO]: Preparing spawn area: 18%
[00:30:19] [Server thread/INFO]: Preparing spawn area: 18%
[00:30:19] [Server thread/INFO]: Preparing spawn area: 18%
[00:30:20] [Server thread/INFO]: Preparing spawn area: 30%
[00:30:20] [Server thread/INFO]: Preparing spawn area: 40%
[00:30:21] [Server thread/INFO]: Preparing spawn area: 51%
[00:30:21] [Server thread/INFO]: Preparing spawn area: 51%
[00:30:22] [Server thread/INFO]: Preparing spawn area: 51%
[00:30:22] [Server thread/INFO]: Preparing spawn area: 65%
[00:30:23] [Server thread/INFO]: Preparing spawn area: 65%
[00:30:24] [Server thread/INFO]: Preparing spawn area: 89%
[00:30:24] [Server thread/INFO]: Time elapsed: 11237 ms
[00:30:24] [Server thread/INFO]: Preparing start region for dimension minecraft:the_nether
[00:30:24] [Server thread/INFO]: Preparing spawn area: 2%
[00:30:24] [Server thread/INFO]: Preparing spawn area: 2%
[00:30:25] [Server thread/INFO]: Preparing spawn area: 14%
[00:30:25] [Server thread/INFO]: Preparing spawn area: 32%
[00:30:26] [Server thread/INFO]: Preparing spawn area: 46%
[00:30:26] [Server thread/INFO]: Preparing spawn area: 51%
[00:30:27] [Server thread/INFO]: Time elapsed: 2961 ms
[00:30:27] [Server thread/INFO]: Preparing start region for dimension minecraft:the_end
[00:30:27] [Server thread/INFO]: Preparing spawn area: 2%
[00:30:27] [Server thread/INFO]: Preparing spawn area: 18%
[00:30:28] [Server thread/INFO]: Time elapsed: 957 ms
[00:30:28] [Server thread/INFO]: [spark] Starting background profiler...
[00:30:28] [Server thread/INFO]: Done preparing level "world" (29.969s)
[00:30:28] [Server thread/INFO]: Running delayed init tasks
[00:30:28] [Server thread/INFO]: Done (45.841s)! For help, type "help"
[00:30:28] [Server thread/INFO]: *************************************************************************************
[00:30:28] [Server thread/INFO]: This is the first time you're starting this server.
[00:30:28] [Server thread/INFO]: It's recommended you read our 'Getting Started' documentation for guidance.
[00:30:28] [Server thread/INFO]: View this and more helpful information here: https://docs.papermc.io/paper/next-steps
[00:30:28] [Server thread/INFO]: *************************************************************************************
